0 verbose cli /usr/bin/node /usr/bin/npm
1 info using npm@8.16.0
2 info using node@v14.20.0
3 timing npm:load:whichnode Completed in 0ms
4 timing config:load:defaults Completed in 1ms
5 timing config:load:file:/usr/lib/node_modules/npm/npmrc Completed in 3ms
6 timing config:load:builtin Completed in 3ms
7 timing config:load:cli Completed in 2ms
8 timing config:load:env Completed in 0ms
9 timing config:load:project Completed in 1ms
10 timing config:load:file:/home/vagrant/.npmrc Completed in 0ms
11 timing config:load:user Completed in 1ms
12 timing config:load:file:/usr/etc/npmrc Completed in 0ms
13 timing config:load:global Completed in 0ms
14 timing config:load:validate Completed in 0ms
15 timing config:load:credentials Completed in 0ms
16 timing config:load:setEnvs Completed in 1ms
17 timing config:load Completed in 9ms
18 timing npm:load:configload Completed in 9ms
19 timing npm:load:mkdirpcache Completed in 1ms
20 timing npm:load:mkdirplogs Completed in 1ms
21 verbose title npm install grunt-cli
22 verbose argv "install" "--global" "grunt-cli"
23 timing npm:load:setTitle Completed in 1ms
24 timing config:load:flatten Completed in 2ms
25 timing npm:load:display Completed in 3ms
26 verbose logfile logs-max:10 dir:/home/vagrant/.npm/_logs
27 verbose logfile /home/vagrant/.npm/_logs/2022-08-09T23_56_28_958Z-debug-0.log
28 timing npm:load:logFile Completed in 4ms
29 timing npm:load:timers Completed in 0ms
30 timing npm:load:configScope Completed in 0ms
31 timing npm:load Completed in 19ms
32 timing arborist:ctor Completed in 0ms
33 silly logfile done cleaning log files
34 timing idealTree:init Completed in 5ms
35 timing idealTree:userRequests Completed in 2ms
36 silly idealTree buildDeps
37 silly fetch manifest grunt-cli@*
38 http fetch GET 200 https://registry.npmjs.org/grunt-cli 311ms (cache miss)
39 silly placeDep ROOT grunt-cli@1.4.3 OK for:  want: *
40 silly fetch manifest grunt-known-options@~2.0.0
41 silly fetch manifest interpret@~1.1.0
42 silly fetch manifest liftup@~3.0.1
43 silly fetch manifest nopt@~4.0.1
44 silly fetch manifest v8flags@~3.2.0
45 http fetch GET 200 https://registry.npmjs.org/interpret 18ms (cache hit)
46 http fetch GET 200 https://registry.npmjs.org/v8flags 17ms (cache hit)
47 http fetch GET 200 https://registry.npmjs.org/liftup 140ms (cache miss)
48 http fetch GET 200 https://registry.npmjs.org/nopt 149ms (cache miss)
49 http fetch GET 200 https://registry.npmjs.org/grunt-known-options 510ms (cache miss)
50 timing idealTree:#root Completed in 833ms
51 silly placeDep node_modules/grunt-cli grunt-known-options@2.0.0 OK for: grunt-cli@1.4.3 want: ~2.0.0
52 silly placeDep node_modules/grunt-cli interpret@1.1.0 OK for: grunt-cli@1.4.3 want: ~1.1.0
53 silly placeDep node_modules/grunt-cli liftup@3.0.1 OK for: grunt-cli@1.4.3 want: ~3.0.1
54 silly placeDep node_modules/grunt-cli nopt@4.0.3 OK for: grunt-cli@1.4.3 want: ~4.0.1
55 silly placeDep node_modules/grunt-cli v8flags@3.2.0 OK for: grunt-cli@1.4.3 want: ~3.2.0
56 silly fetch manifest extend@^3.0.2
57 silly fetch manifest findup-sync@^4.0.0
58 silly fetch manifest fined@^1.2.0
59 silly fetch manifest flagged-respawn@^1.0.1
60 silly fetch manifest is-plain-object@^2.0.4
61 silly fetch manifest object.map@^1.0.1
62 silly fetch manifest rechoir@^0.7.0
63 silly fetch manifest resolve@^1.19.0
64 silly fetch manifest abbrev@1
65 silly fetch manifest osenv@^0.1.4
66 silly fetch manifest homedir-polyfill@^1.0.1
67 http fetch GET 200 https://registry.npmjs.org/extend 46ms (cache hit)
68 http fetch GET 200 https://registry.npmjs.org/fined 45ms (cache hit)
69 http fetch GET 200 https://registry.npmjs.org/findup-sync 46ms (cache hit)
70 http fetch GET 200 https://registry.npmjs.org/flagged-respawn 42ms (cache hit)
71 http fetch GET 200 https://registry.npmjs.org/is-plain-object 42ms (cache hit)
72 http fetch GET 200 https://registry.npmjs.org/object.map 38ms (cache hit)
73 http fetch GET 200 https://registry.npmjs.org/rechoir 38ms (cache hit)
74 http fetch GET 200 https://registry.npmjs.org/homedir-polyfill 34ms (cache hit)
75 http fetch GET 200 https://registry.npmjs.org/resolve 38ms (cache hit)
76 http fetch GET 200 https://registry.npmjs.org/abbrev 61ms (cache miss)
77 http fetch GET 200 https://registry.npmjs.org/osenv 66ms (cache miss)
78 timing idealTree:node_modules/grunt-cli Completed in 93ms
79 timing idealTree:node_modules/grunt-cli/node_modules/grunt-known-options Completed in 0ms
80 timing idealTree:node_modules/grunt-cli/node_modules/interpret Completed in 0ms
81 silly placeDep node_modules/grunt-cli extend@3.0.2 OK for: liftup@3.0.1 want: ^3.0.2
82 silly placeDep node_modules/grunt-cli findup-sync@4.0.0 OK for: liftup@3.0.1 want: ^4.0.0
83 silly placeDep node_modules/grunt-cli fined@1.2.0 OK for: liftup@3.0.1 want: ^1.2.0
84 silly placeDep node_modules/grunt-cli flagged-respawn@1.0.1 OK for: liftup@3.0.1 want: ^1.0.1
85 silly placeDep node_modules/grunt-cli is-plain-object@2.0.4 OK for: liftup@3.0.1 want: ^2.0.4
86 silly placeDep node_modules/grunt-cli object.map@1.0.1 OK for: liftup@3.0.1 want: ^1.0.1
87 silly placeDep node_modules/grunt-cli rechoir@0.7.1 OK for: liftup@3.0.1 want: ^0.7.0
88 silly placeDep node_modules/grunt-cli resolve@1.22.1 OK for: liftup@3.0.1 want: ^1.19.0
89 silly fetch manifest detect-file@^1.0.0
90 silly fetch manifest is-glob@^4.0.0
91 silly fetch manifest micromatch@^4.0.2
92 silly fetch manifest resolve-dir@^1.0.1
93 silly fetch manifest expand-tilde@^2.0.2
94 silly fetch manifest object.defaults@^1.1.0
95 silly fetch manifest object.pick@^1.2.0
96 silly fetch manifest parse-filepath@^1.0.1
97 silly fetch manifest isobject@^3.0.1
98 silly fetch manifest for-own@^1.0.0
99 silly fetch manifest make-iterator@^1.0.0
100 silly fetch manifest is-core-module@^2.9.0
101 silly fetch manifest path-parse@^1.0.7
102 silly fetch manifest supports-preserve-symlinks-flag@^1.0.0
103 http fetch GET 200 https://registry.npmjs.org/micromatch 49ms (cache hit)
104 http fetch GET 200 https://registry.npmjs.org/expand-tilde 48ms (cache hit)
105 http fetch GET 200 https://registry.npmjs.org/object.pick 47ms (cache hit)
106 http fetch GET 200 https://registry.npmjs.org/object.defaults 49ms (cache hit)
107 http fetch GET 200 https://registry.npmjs.org/parse-filepath 48ms (cache hit)
108 http fetch GET 200 https://registry.npmjs.org/for-own 47ms (cache hit)
109 http fetch GET 200 https://registry.npmjs.org/isobject 48ms (cache hit)
110 http fetch GET 200 https://registry.npmjs.org/make-iterator 47ms (cache hit)
111 http fetch GET 200 https://registry.npmjs.org/path-parse 46ms (cache hit)
112 http fetch GET 200 https://registry.npmjs.org/is-core-module 47ms (cache hit)
113 http fetch GET 200 https://registry.npmjs.org/is-glob 54ms (cache hit)
114 http fetch GET 200 https://registry.npmjs.org/detect-file 55ms (cache hit)
115 http fetch GET 200 https://registry.npmjs.org/resolve-dir 54ms (cache hit)
116 http fetch GET 200 https://registry.npmjs.org/supports-preserve-symlinks-flag 48ms (cache hit)
117 timing idealTree:node_modules/grunt-cli/node_modules/liftup Completed in 76ms
118 timing idealTree:node_modules/grunt-cli/node_modules/extend Completed in 1ms
119 silly placeDep node_modules/grunt-cli detect-file@1.0.0 OK for: findup-sync@4.0.0 want: ^1.0.0
120 silly placeDep node_modules/grunt-cli is-glob@4.0.3 OK for: findup-sync@4.0.0 want: ^4.0.0
121 silly placeDep node_modules/grunt-cli micromatch@4.0.5 OK for: findup-sync@4.0.0 want: ^4.0.2
122 silly placeDep node_modules/grunt-cli resolve-dir@1.0.1 OK for: findup-sync@4.0.0 want: ^1.0.1
123 silly fetch manifest is-extglob@^2.1.1
124 silly fetch manifest braces@^3.0.2
125 silly fetch manifest picomatch@^2.3.1
126 silly fetch manifest expand-tilde@^2.0.0
127 silly fetch manifest global-modules@^1.0.0
128 http fetch GET 200 https://registry.npmjs.org/is-extglob 11ms (cache hit)
129 http fetch GET 200 https://registry.npmjs.org/global-modules 10ms (cache hit)
130 http fetch GET 200 https://registry.npmjs.org/braces 11ms (cache hit)
131 http fetch GET 200 https://registry.npmjs.org/picomatch 62ms (cache miss)
132 timing idealTree:node_modules/grunt-cli/node_modules/findup-sync Completed in 68ms
133 timing idealTree:node_modules/grunt-cli/node_modules/detect-file Completed in 0ms
134 silly placeDep node_modules/grunt-cli expand-tilde@2.0.2 OK for: fined@1.2.0 want: ^2.0.2
135 silly placeDep node_modules/grunt-cli object.defaults@1.1.0 OK for: fined@1.2.0 want: ^1.1.0
136 silly placeDep node_modules/grunt-cli object.pick@1.3.0 OK for: fined@1.2.0 want: ^1.2.0
137 silly placeDep node_modules/grunt-cli parse-filepath@1.0.2 OK for: fined@1.2.0 want: ^1.0.1
138 silly fetch manifest array-each@^1.0.1
139 silly fetch manifest array-slice@^1.0.0
140 silly fetch manifest isobject@^3.0.0
141 silly fetch manifest is-absolute@^1.0.0
142 silly fetch manifest map-cache@^0.2.0
143 silly fetch manifest path-root@^0.1.1
144 http fetch GET 200 https://registry.npmjs.org/array-slice 15ms (cache hit)
145 http fetch GET 200 https://registry.npmjs.org/is-absolute 15ms (cache hit)
146 http fetch GET 200 https://registry.npmjs.org/array-each 17ms (cache hit)
147 http fetch GET 200 https://registry.npmjs.org/map-cache 15ms (cache hit)
148 http fetch GET 200 https://registry.npmjs.org/path-root 13ms (cache hit)
149 timing idealTree:node_modules/grunt-cli/node_modules/fined Completed in 22ms
150 silly placeDep node_modules/grunt-cli homedir-polyfill@1.0.3 OK for: expand-tilde@2.0.2 want: ^1.0.1
151 silly fetch manifest parse-passwd@^1.0.0
152 http fetch GET 200 https://registry.npmjs.org/parse-passwd 4ms (cache hit)
153 timing idealTree:node_modules/grunt-cli/node_modules/expand-tilde Completed in 6ms
154 timing idealTree:node_modules/grunt-cli/node_modules/flagged-respawn Completed in 0ms
155 silly placeDep node_modules/grunt-cli parse-passwd@1.0.0 OK for: homedir-polyfill@1.0.3 want: ^1.0.0
156 timing idealTree:node_modules/grunt-cli/node_modules/homedir-polyfill Completed in 1ms
157 silly placeDep node_modules/grunt-cli is-extglob@2.1.1 OK for: is-glob@4.0.3 want: ^2.1.1
158 timing idealTree:node_modules/grunt-cli/node_modules/is-glob Completed in 1ms
159 timing idealTree:node_modules/grunt-cli/node_modules/is-extglob Completed in 0ms
160 silly placeDep node_modules/grunt-cli isobject@3.0.1 OK for: is-plain-object@2.0.4 want: ^3.0.1
161 timing idealTree:node_modules/grunt-cli/node_modules/is-plain-object Completed in 2ms
162 timing idealTree:node_modules/grunt-cli/node_modules/isobject Completed in 0ms
163 silly placeDep node_modules/grunt-cli braces@3.0.2 OK for: micromatch@4.0.5 want: ^3.0.2
164 silly placeDep node_modules/grunt-cli picomatch@2.3.1 OK for: micromatch@4.0.5 want: ^2.3.1
165 silly fetch manifest fill-range@^7.0.1
166 http fetch GET 200 https://registry.npmjs.org/fill-range 4ms (cache hit)
167 timing idealTree:node_modules/grunt-cli/node_modules/micromatch Completed in 11ms
168 silly placeDep node_modules/grunt-cli fill-range@7.0.1 OK for: braces@3.0.2 want: ^7.0.1
169 silly fetch manifest to-regex-range@^5.0.1
170 http fetch GET 200 https://registry.npmjs.org/to-regex-range 4ms (cache hit)
171 timing idealTree:node_modules/grunt-cli/node_modules/braces Completed in 5ms
172 silly placeDep node_modules/grunt-cli to-regex-range@5.0.1 OK for: fill-range@7.0.1 want: ^5.0.1
173 silly fetch manifest is-number@^7.0.0
174 http fetch GET 200 https://registry.npmjs.org/is-number 4ms (cache hit)
175 timing idealTree:node_modules/grunt-cli/node_modules/fill-range Completed in 5ms
176 silly placeDep node_modules/grunt-cli abbrev@1.1.1 OK for: nopt@4.0.3 want: 1
177 silly placeDep node_modules/grunt-cli osenv@0.1.5 OK for: nopt@4.0.3 want: ^0.1.4
178 silly fetch manifest os-homedir@^1.0.0
179 silly fetch manifest os-tmpdir@^1.0.0
180 http fetch GET 200 https://registry.npmjs.org/os-tmpdir 62ms (cache miss)
181 http fetch GET 200 https://registry.npmjs.org/os-homedir 166ms (cache miss)
182 timing idealTree:node_modules/grunt-cli/node_modules/nopt Completed in 171ms
183 timing idealTree:node_modules/grunt-cli/node_modules/abbrev Completed in 0ms
184 silly placeDep node_modules/grunt-cli array-each@1.0.1 OK for: object.defaults@1.1.0 want: ^1.0.1
185 silly placeDep node_modules/grunt-cli array-slice@1.1.0 OK for: object.defaults@1.1.0 want: ^1.0.0
186 silly placeDep node_modules/grunt-cli for-own@1.0.0 OK for: object.defaults@1.1.0 want: ^1.0.0
187 silly fetch manifest for-in@^1.0.1
188 http fetch GET 200 https://registry.npmjs.org/for-in 7ms (cache hit)
189 timing idealTree:node_modules/grunt-cli/node_modules/object.defaults Completed in 14ms
190 timing idealTree:node_modules/grunt-cli/node_modules/array-each Completed in 0ms
191 timing idealTree:node_modules/grunt-cli/node_modules/array-slice Completed in 0ms
192 silly placeDep node_modules/grunt-cli for-in@1.0.2 OK for: for-own@1.0.0 want: ^1.0.1
193 timing idealTree:node_modules/grunt-cli/node_modules/for-own Completed in 1ms
194 timing idealTree:node_modules/grunt-cli/node_modules/for-in Completed in 0ms
195 silly placeDep node_modules/grunt-cli make-iterator@1.0.1 OK for: object.map@1.0.1 want: ^1.0.0
196 silly fetch manifest kind-of@^6.0.2
197 http fetch GET 200 https://registry.npmjs.org/kind-of 4ms (cache hit)
198 timing idealTree:node_modules/grunt-cli/node_modules/object.map Completed in 7ms
199 silly placeDep node_modules/grunt-cli kind-of@6.0.3 OK for: make-iterator@1.0.1 want: ^6.0.2
200 timing idealTree:node_modules/grunt-cli/node_modules/make-iterator Completed in 1ms
201 timing idealTree:node_modules/grunt-cli/node_modules/kind-of Completed in 0ms
202 timing idealTree:node_modules/grunt-cli/node_modules/object.pick Completed in 0ms
203 silly placeDep node_modules/grunt-cli os-homedir@1.0.2 OK for: osenv@0.1.5 want: ^1.0.0
204 silly placeDep node_modules/grunt-cli os-tmpdir@1.0.2 OK for: osenv@0.1.5 want: ^1.0.0
205 timing idealTree:node_modules/grunt-cli/node_modules/osenv Completed in 2ms
206 timing idealTree:node_modules/grunt-cli/node_modules/os-homedir Completed in 0ms
207 timing idealTree:node_modules/grunt-cli/node_modules/os-tmpdir Completed in 0ms
208 silly placeDep node_modules/grunt-cli is-absolute@1.0.0 OK for: parse-filepath@1.0.2 want: ^1.0.0
209 silly placeDep node_modules/grunt-cli map-cache@0.2.2 OK for: parse-filepath@1.0.2 want: ^0.2.0
210 silly placeDep node_modules/grunt-cli path-root@0.1.1 OK for: parse-filepath@1.0.2 want: ^0.1.1
211 silly fetch manifest is-relative@^1.0.0
212 silly fetch manifest is-windows@^1.0.1
213 silly fetch manifest path-root-regex@^0.1.0
214 http fetch GET 200 https://registry.npmjs.org/is-relative 11ms (cache hit)
215 http fetch GET 200 https://registry.npmjs.org/path-root-regex 11ms (cache hit)
216 http fetch GET 200 https://registry.npmjs.org/is-windows 11ms (cache hit)
217 timing idealTree:node_modules/grunt-cli/node_modules/parse-filepath Completed in 16ms
218 silly placeDep node_modules/grunt-cli is-relative@1.0.0 OK for: is-absolute@1.0.0 want: ^1.0.0
219 silly placeDep node_modules/grunt-cli is-windows@1.0.2 OK for: is-absolute@1.0.0 want: ^1.0.1
220 silly fetch manifest is-unc-path@^1.0.0
221 http fetch GET 200 https://registry.npmjs.org/is-unc-path 4ms (cache hit)
222 timing idealTree:node_modules/grunt-cli/node_modules/is-absolute Completed in 6ms
223 silly placeDep node_modules/grunt-cli is-unc-path@1.0.0 OK for: is-relative@1.0.0 want: ^1.0.0
224 silly fetch manifest unc-path-regex@^0.1.2
225 http fetch GET 200 https://registry.npmjs.org/unc-path-regex 4ms (cache hit)
226 timing idealTree:node_modules/grunt-cli/node_modules/is-relative Completed in 6ms
227 silly placeDep node_modules/grunt-cli unc-path-regex@0.1.2 OK for: is-unc-path@1.0.0 want: ^0.1.2
228 timing idealTree:node_modules/grunt-cli/node_modules/is-unc-path Completed in 1ms
229 timing idealTree:node_modules/grunt-cli/node_modules/is-windows Completed in 0ms
230 timing idealTree:node_modules/grunt-cli/node_modules/map-cache Completed in 0ms
231 timing idealTree:node_modules/grunt-cli/node_modules/parse-passwd Completed in 0ms
232 silly placeDep node_modules/grunt-cli path-root-regex@0.1.2 OK for: path-root@0.1.1 want: ^0.1.0
233 timing idealTree:node_modules/grunt-cli/node_modules/path-root Completed in 1ms
234 timing idealTree:node_modules/grunt-cli/node_modules/path-root-regex Completed in 0ms
235 timing idealTree:node_modules/grunt-cli/node_modules/picomatch Completed in 0ms
236 timing idealTree:node_modules/grunt-cli/node_modules/rechoir Completed in 0ms
237 silly placeDep node_modules/grunt-cli is-core-module@2.10.0 OK for: resolve@1.22.1 want: ^2.9.0
238 silly placeDep node_modules/grunt-cli path-parse@1.0.7 OK for: resolve@1.22.1 want: ^1.0.7
239 silly placeDep node_modules/grunt-cli supports-preserve-symlinks-flag@1.0.0 OK for: resolve@1.22.1 want: ^1.0.0
240 silly fetch manifest has@^1.0.3
241 http fetch GET 200 https://registry.npmjs.org/has 4ms (cache hit)
242 timing idealTree:node_modules/grunt-cli/node_modules/resolve Completed in 9ms
243 silly placeDep node_modules/grunt-cli has@1.0.3 OK for: is-core-module@2.10.0 want: ^1.0.3
244 silly fetch manifest function-bind@^1.1.1
245 http fetch GET 200 https://registry.npmjs.org/function-bind 11ms (cache hit)
246 timing idealTree:node_modules/grunt-cli/node_modules/is-core-module Completed in 13ms
247 silly placeDep node_modules/grunt-cli function-bind@1.1.1 OK for: has@1.0.3 want: ^1.1.1
248 timing idealTree:node_modules/grunt-cli/node_modules/has Completed in 1ms
249 timing idealTree:node_modules/grunt-cli/node_modules/function-bind Completed in 0ms
250 timing idealTree:node_modules/grunt-cli/node_modules/path-parse Completed in 0ms
251 silly placeDep node_modules/grunt-cli global-modules@1.0.0 OK for: resolve-dir@1.0.1 want: ^1.0.0
252 silly fetch manifest global-prefix@^1.0.1
253 http fetch GET 200 https://registry.npmjs.org/global-prefix 9ms (cache hit)
254 timing idealTree:node_modules/grunt-cli/node_modules/resolve-dir Completed in 13ms
255 silly placeDep node_modules/grunt-cli global-prefix@1.0.2 OK for: global-modules@1.0.0 want: ^1.0.1
256 silly fetch manifest ini@^1.3.4
257 silly fetch manifest which@^1.2.14
258 http fetch GET 200 https://registry.npmjs.org/ini 7ms (cache hit)
259 http fetch GET 200 https://registry.npmjs.org/which 6ms (cache hit)
260 timing idealTree:node_modules/grunt-cli/node_modules/global-modules Completed in 10ms
261 silly placeDep node_modules/grunt-cli ini@1.3.8 OK for: global-prefix@1.0.2 want: ^1.3.4
262 silly placeDep node_modules/grunt-cli which@1.3.1 OK for: global-prefix@1.0.2 want: ^1.2.14
263 silly fetch manifest isexe@^2.0.0
264 http fetch GET 200 https://registry.npmjs.org/isexe 3ms (cache hit)
265 timing idealTree:node_modules/grunt-cli/node_modules/global-prefix Completed in 8ms
266 timing idealTree:node_modules/grunt-cli/node_modules/ini Completed in 0ms
267 timing idealTree:node_modules/grunt-cli/node_modules/supports-preserve-symlinks-flag Completed in 0ms
268 silly placeDep node_modules/grunt-cli is-number@7.0.0 OK for: to-regex-range@5.0.1 want: ^7.0.0
269 timing idealTree:node_modules/grunt-cli/node_modules/to-regex-range Completed in 1ms
270 timing idealTree:node_modules/grunt-cli/node_modules/is-number Completed in 0ms
271 timing idealTree:node_modules/grunt-cli/node_modules/unc-path-regex Completed in 0ms
272 timing idealTree:node_modules/grunt-cli/node_modules/v8flags Completed in 0ms
273 silly placeDep node_modules/grunt-cli isexe@2.0.0 OK for: which@1.3.1 want: ^2.0.0
274 timing idealTree:node_modules/grunt-cli/node_modules/which Completed in 1ms
275 timing idealTree:node_modules/grunt-cli/node_modules/isexe Completed in 0ms
276 timing idealTree:buildDeps Completed in 1414ms
277 timing idealTree:fixDepFlags Completed in 1ms
278 timing idealTree Completed in 1424ms
279 timing reify:loadTrees Completed in 1426ms
280 timing reify:diffTrees Completed in 1ms
281 silly reify moves {}
282 timing reify:retireShallow Completed in 1ms
283 timing reify:createSparse Completed in 17ms
284 timing reify:loadBundles Completed in 0ms
285 silly audit bulk request {
285 silly audit   'grunt-cli': [ '1.4.3' ],
285 silly audit   'grunt-known-options': [ '2.0.0' ],
285 silly audit   interpret: [ '1.1.0' ],
285 silly audit   liftup: [ '3.0.1' ],
285 silly audit   nopt: [ '4.0.3' ],
285 silly audit   v8flags: [ '3.2.0' ],
285 silly audit   extend: [ '3.0.2' ],
285 silly audit   'findup-sync': [ '4.0.0' ],
285 silly audit   fined: [ '1.2.0' ],
285 silly audit   'flagged-respawn': [ '1.0.1' ],
285 silly audit   'is-plain-object': [ '2.0.4' ],
285 silly audit   'object.map': [ '1.0.1' ],
285 silly audit   rechoir: [ '0.7.1' ],
285 silly audit   resolve: [ '1.22.1' ],
285 silly audit   'detect-file': [ '1.0.0' ],
285 silly audit   'is-glob': [ '4.0.3' ],
285 silly audit   micromatch: [ '4.0.5' ],
285 silly audit   'resolve-dir': [ '1.0.1' ],
285 silly audit   'expand-tilde': [ '2.0.2' ],
285 silly audit   'object.defaults': [ '1.1.0' ],
285 silly audit   'object.pick': [ '1.3.0' ],
285 silly audit   'parse-filepath': [ '1.0.2' ],
285 silly audit   'homedir-polyfill': [ '1.0.3' ],
285 silly audit   'parse-passwd': [ '1.0.0' ],
285 silly audit   'is-extglob': [ '2.1.1' ],
285 silly audit   isobject: [ '3.0.1' ],
285 silly audit   braces: [ '3.0.2' ],
285 silly audit   picomatch: [ '2.3.1' ],
285 silly audit   'fill-range': [ '7.0.1' ],
285 silly audit   'to-regex-range': [ '5.0.1' ],
285 silly audit   abbrev: [ '1.1.1' ],
285 silly audit   osenv: [ '0.1.5' ],
285 silly audit   'array-each': [ '1.0.1' ],
285 silly audit   'array-slice': [ '1.1.0' ],
285 silly audit   'for-own': [ '1.0.0' ],
285 silly audit   'for-in': [ '1.0.2' ],
285 silly audit   'make-iterator': [ '1.0.1' ],
285 silly audit   'kind-of': [ '6.0.3' ],
285 silly audit   'os-homedir': [ '1.0.2' ],
285 silly audit   'os-tmpdir': [ '1.0.2' ],
285 silly audit   'is-absolute': [ '1.0.0' ],
285 silly audit   'map-cache': [ '0.2.2' ],
285 silly audit   'path-root': [ '0.1.1' ],
285 silly audit   'is-relative': [ '1.0.0' ],
285 silly audit   'is-windows': [ '1.0.2' ],
285 silly audit   'is-unc-path': [ '1.0.0' ],
285 silly audit   'unc-path-regex': [ '0.1.2' ],
285 silly audit   'path-root-regex': [ '0.1.2' ],
285 silly audit   'is-core-module': [ '2.10.0' ],
285 silly audit   'path-parse': [ '1.0.7' ],
285 silly audit   'supports-preserve-symlinks-flag': [ '1.0.0' ],
285 silly audit   has: [ '1.0.3' ],
285 silly audit   'function-bind': [ '1.1.1' ],
285 silly audit   'global-modules': [ '1.0.0' ],
285 silly audit   'global-prefix': [ '1.0.2' ],
285 silly audit   ini: [ '1.3.8' ],
285 silly audit   which: [ '1.3.1' ],
285 silly audit   'is-number': [ '7.0.0' ],
285 silly audit   isexe: [ '2.0.0' ]
285 silly audit }
286 silly tarball no local data for grunt-cli@https://registry.npmjs.org/grunt-cli/-/grunt-cli-1.4.3.tgz. Extracting by manifest.
287 silly tarball no local data for is-number@https://registry.npmjs.org/is-number/-/is-number-7.0.0.tgz. Extracting by manifest.
288 silly tarball no local data for os-tmpdir@https://registry.npmjs.org/os-tmpdir/-/os-tmpdir-1.0.2.tgz. Extracting by manifest.
289 silly tarball no local data for os-homedir@https://registry.npmjs.org/os-homedir/-/os-homedir-1.0.2.tgz. Extracting by manifest.
290 silly tarball no local data for osenv@https://registry.npmjs.org/osenv/-/osenv-0.1.5.tgz. Extracting by manifest.
291 silly tarball no local data for to-regex-range@https://registry.npmjs.org/to-regex-range/-/to-regex-range-5.0.1.tgz. Extracting by manifest.
292 silly tarball no local data for abbrev@https://registry.npmjs.org/abbrev/-/abbrev-1.1.1.tgz. Extracting by manifest.
293 silly tarball no local data for fill-range@https://registry.npmjs.org/fill-range/-/fill-range-7.0.1.tgz. Extracting by manifest.
294 silly tarball no local data for picomatch@https://registry.npmjs.org/picomatch/-/picomatch-2.3.1.tgz. Extracting by manifest.
295 silly tarball no local data for braces@https://registry.npmjs.org/braces/-/braces-3.0.2.tgz. Extracting by manifest.
296 silly tarball no local data for micromatch@https://registry.npmjs.org/micromatch/-/micromatch-4.0.5.tgz. Extracting by manifest.
297 silly tarball no local data for rechoir@https://registry.npmjs.org/rechoir/-/rechoir-0.7.1.tgz. Extracting by manifest.
298 silly tarball no local data for findup-sync@https://registry.npmjs.org/findup-sync/-/findup-sync-4.0.0.tgz. Extracting by manifest.
299 silly tarball no local data for nopt@https://registry.npmjs.org/nopt/-/nopt-4.0.3.tgz. Extracting by manifest.
300 silly tarball no local data for liftup@https://registry.npmjs.org/liftup/-/liftup-3.0.1.tgz. Extracting by manifest.
301 silly tarball no local data for interpret@https://registry.npmjs.org/interpret/-/interpret-1.1.0.tgz. Extracting by manifest.
302 silly tarball no local data for grunt-known-options@https://registry.npmjs.org/grunt-known-options/-/grunt-known-options-2.0.0.tgz. Extracting by manifest.
303 http fetch POST 200 https://registry.npmjs.org/-/npm/v1/security/advisories/bulk 185ms
304 timing auditReport:getReport Completed in 188ms
305 silly audit report {}
306 timing auditReport:init Completed in 0ms
307 timing reify:audit Completed in 189ms
308 timing reifyNode:node_modules/grunt-cli/node_modules/ini Completed in 217ms
309 timing reifyNode:node_modules/grunt-cli/node_modules/global-prefix Completed in 217ms
310 timing reifyNode:node_modules/grunt-cli/node_modules/global-modules Completed in 217ms
311 timing reifyNode:node_modules/grunt-cli/node_modules/path-parse Completed in 218ms
312 timing reifyNode:node_modules/grunt-cli/node_modules/path-root-regex Completed in 218ms
313 timing reifyNode:node_modules/grunt-cli/node_modules/unc-path-regex Completed in 218ms
314 timing reifyNode:node_modules/grunt-cli/node_modules/is-unc-path Completed in 218ms
315 timing reifyNode:node_modules/grunt-cli/node_modules/is-windows Completed in 218ms
316 timing reifyNode:node_modules/grunt-cli/node_modules/is-relative Completed in 218ms
317 timing reifyNode:node_modules/grunt-cli/node_modules/path-root Completed in 218ms
318 timing reifyNode:node_modules/grunt-cli/node_modules/map-cache Completed in 219ms
319 timing reifyNode:node_modules/grunt-cli/node_modules/is-absolute Completed in 219ms
320 timing reifyNode:node_modules/grunt-cli/node_modules/make-iterator Completed in 218ms
321 timing reifyNode:node_modules/grunt-cli/node_modules/for-in Completed in 218ms
322 timing reifyNode:node_modules/grunt-cli/node_modules/for-own Completed in 218ms
323 timing reifyNode:node_modules/grunt-cli/node_modules/array-slice Completed in 218ms
324 timing reifyNode:node_modules/grunt-cli/node_modules/array-each Completed in 218ms
325 timing reifyNode:node_modules/grunt-cli/node_modules/is-extglob Completed in 218ms
326 timing reifyNode:node_modules/grunt-cli/node_modules/parse-passwd Completed in 218ms
327 timing reifyNode:node_modules/grunt-cli/node_modules/parse-filepath Completed in 219ms
328 timing reifyNode:node_modules/grunt-cli/node_modules/object.pick Completed in 219ms
329 timing reifyNode:node_modules/grunt-cli/node_modules/expand-tilde Completed in 219ms
330 timing reifyNode:node_modules/grunt-cli/node_modules/resolve-dir Completed in 219ms
331 timing reifyNode:node_modules/grunt-cli/node_modules/detect-file Completed in 219ms
332 timing reifyNode:node_modules/grunt-cli/node_modules/object.map Completed in 219ms
333 timing reifyNode:node_modules/grunt-cli/node_modules/fined Completed in 218ms
334 timing reifyNode:node_modules/grunt-cli/node_modules/isobject Completed in 221ms
335 timing reifyNode:node_modules/grunt-cli/node_modules/homedir-polyfill Completed in 221ms
336 timing reifyNode:node_modules/grunt-cli/node_modules/is-glob Completed in 222ms
337 timing reifyNode:node_modules/grunt-cli/node_modules/is-plain-object Completed in 221ms
338 timing reifyNode:node_modules/grunt-cli/node_modules/v8flags Completed in 221ms
339 timing reifyNode:node_modules/grunt-cli/node_modules/kind-of Completed in 231ms
340 timing reifyNode:node_modules/grunt-cli/node_modules/object.defaults Completed in 231ms
341 timing reifyNode:node_modules/grunt-cli/node_modules/which Completed in 237ms
342 timing reifyNode:node_modules/grunt-cli/node_modules/has Completed in 238ms
343 timing reifyNode:node_modules/grunt-cli/node_modules/flagged-respawn Completed in 240ms
344 timing reifyNode:node_modules/grunt-cli/node_modules/isexe Completed in 244ms
345 timing reifyNode:node_modules/grunt-cli/node_modules/extend Completed in 242ms
346 timing reifyNode:node_modules/grunt-cli/node_modules/supports-preserve-symlinks-flag Completed in 248ms
347 timing reifyNode:node_modules/grunt-cli/node_modules/is-core-module Completed in 250ms
348 timing reifyNode:node_modules/grunt-cli/node_modules/function-bind Completed in 253ms
349 http fetch GET 200 https://registry.npmjs.org/grunt-cli/-/grunt-cli-1.4.3.tgz 249ms (cache miss)
350 timing reifyNode:node_modules/grunt-cli Completed in 284ms
351 http fetch GET 200 https://registry.npmjs.org/is-number/-/is-number-7.0.0.tgz 248ms (cache miss)
352 timing reifyNode:node_modules/grunt-cli/node_modules/is-number Completed in 285ms
353 http fetch GET 200 https://registry.npmjs.org/interpret/-/interpret-1.1.0.tgz 235ms (cache miss)
354 timing reifyNode:node_modules/grunt-cli/node_modules/interpret Completed in 290ms
355 http fetch GET 200 https://registry.npmjs.org/grunt-known-options/-/grunt-known-options-2.0.0.tgz 238ms (cache miss)
356 timing reifyNode:node_modules/grunt-cli/node_modules/grunt-known-options Completed in 296ms
357 http fetch GET 200 https://registry.npmjs.org/liftup/-/liftup-3.0.1.tgz 245ms (cache miss)
358 timing reifyNode:node_modules/grunt-cli/node_modules/liftup Completed in 299ms
359 http fetch GET 200 https://registry.npmjs.org/rechoir/-/rechoir-0.7.1.tgz 250ms (cache miss)
360 timing reifyNode:node_modules/grunt-cli/node_modules/rechoir Completed in 301ms
361 http fetch GET 200 https://registry.npmjs.org/to-regex-range/-/to-regex-range-5.0.1.tgz 262ms (cache miss)
362 timing reifyNode:node_modules/grunt-cli/node_modules/to-regex-range Completed in 303ms
363 http fetch GET 200 https://registry.npmjs.org/fill-range/-/fill-range-7.0.1.tgz 261ms (cache miss)
364 timing reifyNode:node_modules/grunt-cli/node_modules/fill-range Completed in 305ms
365 http fetch GET 200 https://registry.npmjs.org/micromatch/-/micromatch-4.0.5.tgz 293ms (cache miss)
366 timing reifyNode:node_modules/grunt-cli/node_modules/micromatch Completed in 344ms
367 http fetch GET 200 https://registry.npmjs.org/picomatch/-/picomatch-2.3.1.tgz 308ms (cache miss)
368 timing reifyNode:node_modules/grunt-cli/node_modules/picomatch Completed in 352ms
369 http fetch GET 200 https://registry.npmjs.org/os-homedir/-/os-homedir-1.0.2.tgz 316ms (cache miss)
370 timing reifyNode:node_modules/grunt-cli/node_modules/os-homedir Completed in 356ms
371 http fetch GET 200 https://registry.npmjs.org/nopt/-/nopt-4.0.3.tgz 304ms (cache miss)
372 timing reifyNode:node_modules/grunt-cli/node_modules/nopt Completed in 357ms
373 http fetch GET 200 https://registry.npmjs.org/os-tmpdir/-/os-tmpdir-1.0.2.tgz 321ms (cache miss)
374 timing reifyNode:node_modules/grunt-cli/node_modules/os-tmpdir Completed in 360ms
375 http fetch GET 200 https://registry.npmjs.org/abbrev/-/abbrev-1.1.1.tgz 318ms (cache miss)
376 timing reifyNode:node_modules/grunt-cli/node_modules/abbrev Completed in 360ms
377 http fetch GET 200 https://registry.npmjs.org/findup-sync/-/findup-sync-4.0.0.tgz 308ms (cache miss)
378 timing reifyNode:node_modules/grunt-cli/node_modules/findup-sync Completed in 359ms
379 http fetch GET 200 https://registry.npmjs.org/osenv/-/osenv-0.1.5.tgz 321ms (cache miss)
380 timing reifyNode:node_modules/grunt-cli/node_modules/osenv Completed in 361ms
381 http fetch GET 200 https://registry.npmjs.org/braces/-/braces-3.0.2.tgz 315ms (cache miss)
382 timing reifyNode:node_modules/grunt-cli/node_modules/braces Completed in 363ms
383 timing reifyNode:node_modules/grunt-cli/node_modules/resolve Completed in 392ms
384 timing reify:unpack Completed in 394ms
385 timing reify:unretire Completed in 0ms
386 timing build:queue Completed in 2ms
387 timing build:link:node_modules/grunt-cli Completed in 3ms
388 timing build:link:node_modules/grunt-cli/node_modules/nopt Completed in 2ms
389 timing build:link:node_modules/grunt-cli/node_modules/resolve Completed in 2ms
390 timing build:link:node_modules/grunt-cli/node_modules/which Completed in 2ms
391 timing build:link Completed in 3ms
392 timing build:deps Completed in 5ms
393 timing build Completed in 5ms
394 timing reify:build Completed in 5ms
395 timing reify:trash Completed in 1ms
396 timing reify Completed in 1871ms
397 silly ADD node_modules/grunt-cli
398 silly ADD node_modules/grunt-cli/node_modules/isexe
399 silly ADD node_modules/grunt-cli/node_modules/is-number
400 silly ADD node_modules/grunt-cli/node_modules/which
401 silly ADD node_modules/grunt-cli/node_modules/ini
402 silly ADD node_modules/grunt-cli/node_modules/global-prefix
403 silly ADD node_modules/grunt-cli/node_modules/global-modules
404 silly ADD node_modules/grunt-cli/node_modules/function-bind
405 silly ADD node_modules/grunt-cli/node_modules/has
406 silly ADD node_modules/grunt-cli/node_modules/supports-preserve-symlinks-flag
407 silly ADD node_modules/grunt-cli/node_modules/path-parse
408 silly ADD node_modules/grunt-cli/node_modules/is-core-module
409 silly ADD node_modules/grunt-cli/node_modules/path-root-regex
410 silly ADD node_modules/grunt-cli/node_modules/unc-path-regex
411 silly ADD node_modules/grunt-cli/node_modules/is-unc-path
412 silly ADD node_modules/grunt-cli/node_modules/is-windows
413 silly ADD node_modules/grunt-cli/node_modules/is-relative
414 silly ADD node_modules/grunt-cli/node_modules/path-root
415 silly ADD node_modules/grunt-cli/node_modules/map-cache
416 silly ADD node_modules/grunt-cli/node_modules/is-absolute
417 silly ADD node_modules/grunt-cli/node_modules/os-tmpdir
418 silly ADD node_modules/grunt-cli/node_modules/os-homedir
419 silly ADD node_modules/grunt-cli/node_modules/kind-of
420 silly ADD node_modules/grunt-cli/node_modules/make-iterator
421 silly ADD node_modules/grunt-cli/node_modules/for-in
422 silly ADD node_modules/grunt-cli/node_modules/for-own
423 silly ADD node_modules/grunt-cli/node_modules/array-slice
424 silly ADD node_modules/grunt-cli/node_modules/array-each
425 silly ADD node_modules/grunt-cli/node_modules/osenv
426 silly ADD node_modules/grunt-cli/node_modules/abbrev
427 silly ADD node_modules/grunt-cli/node_modules/to-regex-range
428 silly ADD node_modules/grunt-cli/node_modules/fill-range
429 silly ADD node_modules/grunt-cli/node_modules/picomatch
430 silly ADD node_modules/grunt-cli/node_modules/braces
431 silly ADD node_modules/grunt-cli/node_modules/isobject
432 silly ADD node_modules/grunt-cli/node_modules/is-extglob
433 silly ADD node_modules/grunt-cli/node_modules/parse-passwd
434 silly ADD node_modules/grunt-cli/node_modules/homedir-polyfill
435 silly ADD node_modules/grunt-cli/node_modules/parse-filepath
436 silly ADD node_modules/grunt-cli/node_modules/object.pick
437 silly ADD node_modules/grunt-cli/node_modules/object.defaults
438 silly ADD node_modules/grunt-cli/node_modules/expand-tilde
439 silly ADD node_modules/grunt-cli/node_modules/resolve-dir
440 silly ADD node_modules/grunt-cli/node_modules/micromatch
441 silly ADD node_modules/grunt-cli/node_modules/is-glob
442 silly ADD node_modules/grunt-cli/node_modules/detect-file
443 silly ADD node_modules/grunt-cli/node_modules/resolve
444 silly ADD node_modules/grunt-cli/node_modules/rechoir
445 silly ADD node_modules/grunt-cli/node_modules/object.map
446 silly ADD node_modules/grunt-cli/node_modules/is-plain-object
447 silly ADD node_modules/grunt-cli/node_modules/flagged-respawn
448 silly ADD node_modules/grunt-cli/node_modules/fined
449 silly ADD node_modules/grunt-cli/node_modules/findup-sync
450 silly ADD node_modules/grunt-cli/node_modules/extend
451 silly ADD node_modules/grunt-cli/node_modules/v8flags
452 silly ADD node_modules/grunt-cli/node_modules/nopt
453 silly ADD node_modules/grunt-cli/node_modules/liftup
454 silly ADD node_modules/grunt-cli/node_modules/interpret
455 silly ADD node_modules/grunt-cli/node_modules/grunt-known-options
456 timing command:install Completed in 1877ms
457 verbose exit 0
458 timing npm Completed in 1953ms
459 info ok
