0 verbose cli /usr/bin/node /usr/bin/npm
1 info using npm@8.16.0
2 info using node@v14.20.0
3 timing npm:load:whichnode Completed in 0ms
4 timing config:load:defaults Completed in 1ms
5 timing config:load:file:/usr/lib/node_modules/npm/npmrc Completed in 4ms
6 timing config:load:builtin Completed in 4ms
7 timing config:load:cli Completed in 2ms
8 timing config:load:env Completed in 0ms
9 timing config:load:project Completed in 2ms
10 timing config:load:file:/home/vagrant/.npmrc Completed in 0ms
11 timing config:load:user Completed in 0ms
12 timing config:load:file:/usr/etc/npmrc Completed in 0ms
13 timing config:load:global Completed in 0ms
14 timing config:load:validate Completed in 0ms
15 timing config:load:credentials Completed in 0ms
16 timing config:load:setEnvs Completed in 1ms
17 timing config:load Completed in 12ms
18 timing npm:load:configload Completed in 12ms
19 timing npm:load:mkdirpcache Completed in 1ms
20 timing npm:load:mkdirplogs Completed in 1ms
21 verbose title npm install yarn
22 verbose argv "install" "--global" "yarn"
23 timing npm:load:setTitle Completed in 1ms
24 timing config:load:flatten Completed in 3ms
25 timing npm:load:display Completed in 3ms
26 verbose logfile logs-max:10 dir:/home/vagrant/.npm/_logs
27 verbose logfile /home/vagrant/.npm/_logs/2022-08-09T23_56_26_929Z-debug-0.log
28 timing npm:load:logFile Completed in 4ms
29 timing npm:load:timers Completed in 0ms
30 timing npm:load:configScope Completed in 0ms
31 timing npm:load Completed in 22ms
32 timing arborist:ctor Completed in 0ms
33 silly logfile done cleaning log files
34 timing idealTree:init Completed in 5ms
35 timing idealTree:userRequests Completed in 2ms
36 silly idealTree buildDeps
37 silly fetch manifest yarn@*
38 http fetch GET 200 https://registry.npmjs.org/yarn 948ms (cache miss)
39 silly placeDep ROOT yarn@1.22.19 OK for:  want: *
40 timing idealTree:#root Completed in 960ms
41 timing idealTree:node_modules/yarn Completed in 0ms
42 timing idealTree:buildDeps Completed in 961ms
43 timing idealTree:fixDepFlags Completed in 0ms
44 timing idealTree Completed in 969ms
45 timing reify:loadTrees Completed in 971ms
46 timing reify:diffTrees Completed in 1ms
47 silly reify moves {}
48 timing reify:retireShallow Completed in 1ms
49 timing reify:createSparse Completed in 1ms
50 timing reify:loadBundles Completed in 0ms
51 silly audit bulk request { yarn: [ '1.22.19' ] }
52 silly tarball no local data for yarn@https://registry.npmjs.org/yarn/-/yarn-1.22.19.tgz. Extracting by manifest.
53 http fetch GET 200 https://registry.npmjs.org/yarn/-/yarn-1.22.19.tgz 388ms (cache miss)
54 timing reifyNode:node_modules/yarn Completed in 395ms
55 timing reify:unpack Completed in 395ms
56 timing reify:unretire Completed in 0ms
57 timing build:queue Completed in 1ms
58 info run yarn@1.22.19 preinstall node_modules/yarn :; (node ./preinstall.js > /dev/null 2>&1 || true)
59 http fetch POST 200 https://registry.npmjs.org/-/npm/v1/security/advisories/bulk 517ms
60 timing auditReport:getReport Completed in 518ms
61 silly audit report {}
62 timing auditReport:init Completed in 0ms
63 timing reify:audit Completed in 519ms
64 info run yarn@1.22.19 preinstall { code: 0, signal: null }
65 timing build:run:preinstall:node_modules/yarn Completed in 306ms
66 timing build:run:preinstall Completed in 307ms
67 timing build:link:node_modules/yarn Completed in 2ms
68 timing build:link Completed in 2ms
69 timing build:deps Completed in 310ms
70 timing build Completed in 310ms
71 timing reify:build Completed in 311ms
72 timing reify:trash Completed in 0ms
73 timing reify Completed in 1702ms
74 silly ADD node_modules/yarn
75 timing command:install Completed in 1707ms
76 verbose exit 0
77 timing npm Completed in 1791ms
78 info ok
